21:47:19 **** Incremental Build of configuration Debug for project tp3_linux ****
make all 
Building file: ../Controller.c
Invoking: GCC C Compiler
gcc -O0 -g3 -Wall -c -fmessage-length=0 -MMD -MP -MF"Controller.d" -MT"Controller.o" -o "Controller.o" "../Controller.c"
../Controller.c: In function ‘controller_addEmployee’:
../Controller.c:70:6: warning: unused variable ‘auxHorasTrabajadas’ [-Wunused-variable]
  int auxHorasTrabajadas;
      ^~~~~~~~~~~~~~~~~~
../Controller.c:69:6: warning: unused variable ‘auxSueldo’ [-Wunused-variable]
  int auxSueldo;
      ^~~~~~~~~
../Controller.c:68:7: warning: unused variable ‘auxNombre’ [-Wunused-variable]
  char auxNombre[50];
       ^~~~~~~~~
../Controller.c:67:6: warning: unused variable ‘auxId’ [-Wunused-variable]
  int auxId = 0;
      ^~~~~
../Controller.c:64:12: warning: variable ‘pEmpleados’ set but not used [-Wunused-but-set-variable]
  Employee* pEmpleados;
            ^~~~~~~~~~
At top level:
../Controller.c:8:12: warning: ‘generarId’ defined but not used [-Wunused-function]
 static int generarId(void)
            ^~~~~~~~~
Finished building: ../Controller.c
 
Building target: tp3_linux
Invoking: GCC C Linker
gcc  -o "tp3_linux"  ./Controller.o ./Employee.o ./main.o ./parser.o ./utn.o    /home/alumno/Imágenes/eclipse_tp3/tp3_linux/LinkedList.a
Finished building target: tp3_linux
 

21:47:19 Build Finished. 0 errors, 6 warnings. (took 330ms)

